Build started 19/04/2016 13:10:40.
     1>Project "C:\Users\oriolrv3\Documents\GitHub\Project-1-Team-SUMHC-Pro-Name\SDL Game.vcxproj" on node 2 (Build target(s)).
     1>ClCompile:
         C:\Program Files (x86)\Microsoft Visual Studio 12.0\VC\bin\CL.exe /c /ZI /nologo /W3 /WX- /sdl /Od /Oy- /D _MBCS /Gm /RTC1 /MDd /GS /fp:precise /Zc:wchar_t /Zc:forScope /Fo"Debug\\" /Fd"Debug\vc120.pdb" /Gd /TP /analyze- /errorReport:prompt Application.cpp Globals.cpp Main.cpp ModuleAudio.cpp ModuleCollision.cpp ModuleContinue.cpp ModuleFadeToBlack.cpp ModuleGreenBasic.cpp ModuleInput.cpp ModuleLevelsTop.cpp ModuleLoseScreen.cpp ModuleNameScreen.cpp ModuleParticles.cpp ModulePlayer.cpp ModuleRender.cpp ModuleSceneLevels.cpp ModuleSceneTitle.cpp ModuleScoreScreen.cpp ModuleTextures.cpp ModuleWindow.cpp ModuleWinScreen.cpp
         ModuleWinScreen.cpp
         ModuleWindow.cpp
         ModuleTextures.cpp
         ModuleScoreScreen.cpp
         ModuleSceneTitle.cpp
         ModuleSceneLevels.cpp
         ModuleRender.cpp
         ModulePlayer.cpp
         ModuleParticles.cpp
     1>c:\users\oriolrv3\documents\github\project-1-team-sumhc-pro-name\moduleparticles.cpp(244): warning C4244: '+=' : conversion from 'float' to 'int', possible loss of data
     1>c:\users\oriolrv3\documents\github\project-1-team-sumhc-pro-name\moduleparticles.cpp(245): warning C4244: '+=' : conversion from 'float' to 'int', possible loss of data
         ModuleNameScreen.cpp
         ModuleLoseScreen.cpp
         ModuleLevelsTop.cpp
         ModuleInput.cpp
         ModuleGreenBasic.cpp
     1>c:\users\oriolrv3\documents\github\project-1-team-sumhc-pro-name\modulegreenbasic.cpp(118): warning C4129: 'E' : unrecognized character escape sequence
     1>c:\users\oriolrv3\documents\github\project-1-team-sumhc-pro-name\modulegreenbasic.cpp(118): warning C4129: 'L' : unrecognized character escape sequence
     1>c:\users\oriolrv3\documents\github\project-1-team-sumhc-pro-name\modulegreenbasic.cpp(118): warning C4129: 'S' : unrecognized character escape sequence
         ModuleFadeToBlack.cpp
         ModuleContinue.cpp
         ModuleCollision.cpp
         ModuleAudio.cpp
         Main.cpp
         Globals.cpp
         Generating Code...
         Compiling...
         Application.cpp
         Generating Code...
       Link:
         C:\Program Files (x86)\Microsoft Visual Studio 12.0\VC\bin\link.exe /ERRORREPORT:PROMPT /OUT:"C:\Users\oriolrv3\Documents\GitHub\Project-1-Team-SUMHC-Pro-Name\Debug\OutZone v0.4.exe" /INCREMENTAL /NOLOGO kernel32.lib user32.lib gdi32.lib winspool.lib comdlg32.lib advapi32.lib shell32.lib ole32.lib oleaut32.lib uuid.lib odbc32.lib odbccp32.lib /MANIFEST /MANIFESTUAC:"level='asInvoker' uiAccess='false'" /manifest:embed /DEBUG /PDB:"C:\Users\oriolrv3\Documents\GitHub\Project-1-Team-SUMHC-Pro-Name\Debug\OutZone v0.4.pdb" /SUBSYSTEM:WINDOWS /TLBID:1 /DYNAMICBASE /NXCOMPAT /IMPLIB:"C:\Users\oriolrv3\Documents\GitHub\Project-1-Team-SUMHC-Pro-Name\Debug\OutZone v0.4.lib" /MACHINE:X86 Debug\Application.obj
         Debug\Globals.obj
         Debug\Main.obj
         Debug\ModuleAudio.obj
         Debug\ModuleCollision.obj
         Debug\ModuleContinue.obj
         Debug\ModuleFadeToBlack.obj
         Debug\ModuleGreenBasic.obj
         Debug\ModuleInput.obj
         Debug\ModuleLevelsTop.obj
         Debug\ModuleLoseScreen.obj
         Debug\ModuleNameScreen.obj
         Debug\ModuleParticles.obj
         Debug\ModulePlayer.obj
         Debug\ModuleRender.obj
         Debug\ModuleSceneLevels.obj
         Debug\ModuleSceneTitle.obj
         Debug\ModuleScoreScreen.obj
         Debug\ModuleTextures.obj
         Debug\ModuleWindow.obj
         Debug\ModuleWinScreen.obj
     1>MSVCRTD.lib(cinitexe.obj) : warning LNK4098: defaultlib 'msvcrt.lib' conflicts with use of other libs; use /NODEFAULTLIB:library
         SDL Game.vcxproj -> C:\Users\oriolrv3\Documents\GitHub\Project-1-Team-SUMHC-Pro-Name\Debug\OutZone v0.4.exe
     1>Done Building Project "C:\Users\oriolrv3\Documents\GitHub\Project-1-Team-SUMHC-Pro-Name\SDL Game.vcxproj" (Build target(s)).

Build succeeded.

Time Elapsed 00:00:02.64
